<?xml version="1.0" encoding="UTF-8"?>
<!-- Generated by org.testng.reporters.JUnitXMLReporter -->
<testsuite ignored="0" hostname="del1-lhp-n82178" failures="0" tests="8" name="Test" time="8.293" errors="0" timestamp="2022-09-13T10:29:21 IST">
  <testcase classname="com.Automation.Test.Delete_Test" name="verifydelete" time="3.545"/>
  <testcase classname="com.Automation.Test.Post_Test" name="verifypost" time="0.96"/>
  <testcase classname="com.Automation.Test.Post_Test" name="verifypost" time="0.809"/>
  <testcase classname="com.Automation.Test.Get_Test" name="getVerify" time="0.311"/>
  <testcase classname="com.Automation.Test.Get_Test" name="getVerify" time="0.266"/>
  <testcase classname="com.Automation.Test.Patch_Test" name="verifypatch" time="0.772"/>
  <testcase classname="com.Automation.Test.Patch_Test" name="verifypatch" time="0.762"/>
  <testcase classname="com.Automation.Test.Put_Test" name="verifyput" time="0.769"/>
</testsuite> <!-- Test -->
