<?xml version="1.0" encoding="UTF-8"?>
<testng-results ignored="0" total="8" passed="8" failed="0" skipped="0">
  <reporter-output>
  </reporter-output>
  <suite started-at="2022-09-13T10:29:12 IST" name="Suite" finished-at="2022-09-13T10:29:21 IST" duration-ms="8293">
    <groups>
    </groups>
    <test started-at="2022-09-13T10:29:12 IST" name="Test" finished-at="2022-09-13T10:29:21 IST" duration-ms="8293">
      <class name="com.Automation.Test.Get_Test">
        <test-method signature="getVerify(java.lang.String)[pri:1, instance:com.Automation.Test.Get_Test@18d87d80]" started-at="2022-09-13T10:29:18 IST" name="getVerify" data-provider="endpoint" finished-at="2022-09-13T10:29:18 IST" duration-ms="311" status="PASS">
          <params>
            <param index="0">
              <value>
                <![CDATA[/todos/1]]>
              </value>
            </param>
          </params>
          <reporter-output>
          </reporter-output>
        </test-method> <!-- getVerify -->
        <test-method signature="getVerify(java.lang.String)[pri:1, instance:com.Automation.Test.Get_Test@18d87d80]" started-at="2022-09-13T10:29:18 IST" name="getVerify" data-provider="endpoint" finished-at="2022-09-13T10:29:18 IST" duration-ms="266" status="PASS">
          <params>
            <param index="0">
              <value>
                <![CDATA[/todos/2]]>
              </value>
            </param>
          </params>
          <reporter-output>
          </reporter-output>
        </test-method> <!-- getVerify -->
      </class> <!-- com.Automation.Test.Get_Test -->
      <class name="com.Automation.Test.Delete_Test">
        <test-method signature="verifydelete()[pri:0, instance:com.Automation.Test.Delete_Test@4d0f2471]" started-at="2022-09-13T10:29:12 IST" name="verifydelete" finished-at="2022-09-13T10:29:16 IST" duration-ms="3545" status="PASS">
          <reporter-output>
          </reporter-output>
        </test-method> <!-- verifydelete -->
      </class> <!-- com.Automation.Test.Delete_Test -->
      <class name="com.Automation.Test.Patch_Test">
        <test-method signature="verifypatch(java.lang.String,int)[pri:1, instance:com.Automation.Test.Patch_Test@618425b5]" started-at="2022-09-13T10:29:18 IST" name="verifypatch" data-provider="endpoint" finished-at="2022-09-13T10:29:19 IST" duration-ms="772" status="PASS">
          <params>
            <param index="0">
              <value>
                <![CDATA[Patch1.txt]]>
              </value>
            </param>
            <param index="1">
              <value>
                <![CDATA[1]]>
              </value>
            </param>
          </params>
          <reporter-output>
          </reporter-output>
        </test-method> <!-- verifypatch -->
        <test-method signature="verifypatch(java.lang.String,int)[pri:1, instance:com.Automation.Test.Patch_Test@618425b5]" started-at="2022-09-13T10:29:19 IST" name="verifypatch" data-provider="endpoint" finished-at="2022-09-13T10:29:20 IST" duration-ms="762" status="PASS">
          <params>
            <param index="0">
              <value>
                <![CDATA[Patch2.txt]]>
              </value>
            </param>
            <param index="1">
              <value>
                <![CDATA[2]]>
              </value>
            </param>
          </params>
          <reporter-output>
          </reporter-output>
        </test-method> <!-- verifypatch -->
      </class> <!-- com.Automation.Test.Patch_Test -->
      <class name="com.Automation.Test.Put_Test">
        <test-method signature="verifyput()[pri:0, instance:com.Automation.Test.Put_Test@58695725]" started-at="2022-09-13T10:29:20 IST" name="verifyput" finished-at="2022-09-13T10:29:21 IST" duration-ms="769" status="PASS">
          <reporter-output>
          </reporter-output>
        </test-method> <!-- verifyput -->
      </class> <!-- com.Automation.Test.Put_Test -->
      <class name="com.Automation.Test.Post_Test">
        <test-method signature="verifypost(java.lang.String)[pri:1, instance:com.Automation.Test.Post_Test@1af2d44a]" started-at="2022-09-13T10:29:16 IST" name="verifypost" data-provider="filename" finished-at="2022-09-13T10:29:17 IST" duration-ms="960" status="PASS">
          <params>
            <param index="0">
              <value>
                <![CDATA[Post1.txt]]>
              </value>
            </param>
          </params>
          <reporter-output>
          </reporter-output>
        </test-method> <!-- verifypost -->
        <test-method signature="verifypost(java.lang.String)[pri:1, instance:com.Automation.Test.Post_Test@1af2d44a]" started-at="2022-09-13T10:29:17 IST" name="verifypost" data-provider="filename" finished-at="2022-09-13T10:29:18 IST" duration-ms="809" status="PASS">
          <params>
            <param index="0">
              <value>
                <![CDATA[Post2.txt]]>
              </value>
            </param>
          </params>
          <reporter-output>
          </reporter-output>
        </test-method> <!-- verifypost -->
      </class> <!-- com.Automation.Test.Post_Test -->
    </test> <!-- Test -->
  </suite> <!-- Suite -->
</testng-results>
